\BOOKMARK [1][-]{section.1}{\376\377\0001\000\040\000I\000n\000t\000r\000o\000d\000u\000c\000c\000i\000\363\000n}{}% 1
\BOOKMARK [1][-]{section.2}{\376\377\0002\000\040\000O\000b\000j\000e\000t\000i\000v\000o\000s}{}% 2
\BOOKMARK [1][-]{section.3}{\376\377\0003\000\040\000D\000i\000s\000e\000\361\000o\000\040\000d\000e\000l\000\040\000P\000r\000o\000t\000o\000t\000i\000p\000o}{}% 3
\BOOKMARK [2][-]{subsection.3.1}{\376\377\0003\000.\0001\000\040\000M\000a\000t\000e\000r\000i\000a\000l\000e\000s}{section.3}% 4
\BOOKMARK [2][-]{subsection.3.2}{\376\377\0003\000.\0002\000\040\000D\000i\000b\000u\000j\000o\000\040\000T\000\351\000c\000n\000i\000c\000o}{section.3}% 5
\BOOKMARK [3][-]{subsubsection.3.2.1}{\376\377\0003\000.\0002\000.\0001\000\040\000T\000a\000p\000a}{subsection.3.2}% 6
\BOOKMARK [3][-]{subsubsection.3.2.2}{\376\377\0003\000.\0002\000.\0002\000\040\000C\000a\000j\000a}{subsection.3.2}% 7
\BOOKMARK [3][-]{subsubsection.3.2.3}{\376\377\0003\000.\0002\000.\0003\000\040\000C\000a\000j\000a\000\040\000C\000e\000r\000r\000a\000d\000a}{subsection.3.2}% 8
\BOOKMARK [2][-]{subsection.3.3}{\376\377\0003\000.\0003\000\040\000D\000i\000s\000e\000\361\000o\000\040\000d\000e\000l\000\040\000C\000i\000r\000c\000u\000i\000t\000o}{section.3}% 9
\BOOKMARK [3][-]{subsubsection.3.3.1}{\376\377\0003\000.\0003\000.\0001\000\040\000C\000a\000l\000c\000u\000l\000o\000\040\000d\000e\000\040\000c\000o\000m\000p\000o\000n\000e\000n\000t\000e\000s\000\040\000a\000\040\000u\000s\000a\000r}{subsection.3.3}% 10
\BOOKMARK [3][-]{subsubsection.3.3.2}{\376\377\0003\000.\0003\000.\0002\000\040\000E\000s\000q\000u\000e\000m\000\341\000t\000i\000c\000o}{subsection.3.3}% 11
\BOOKMARK [3][-]{subsubsection.3.3.3}{\376\377\0003\000.\0003\000.\0003\000\040\000C\000i\000r\000c\000u\000i\000t\000o\000\040\000I\000m\000p\000r\000e\000s\000o}{subsection.3.3}% 12
\BOOKMARK [1][-]{section.4}{\376\377\0004\000\040\000C\000\363\000d\000i\000g\000o\000\040\000p\000a\000r\000a\000\040\000e\000l\000\040\000c\000o\000n\000t\000r\000o\000l\000\040\000d\000e\000\040\000l\000a\000\040\000i\000n\000c\000u\000b\000a\000d\000o\000r\000a}{}% 13
\BOOKMARK [2][-]{subsection.4.1}{\376\377\0004\000.\0001\000\040\000C\000\363\000d\000i\000g\000o\000\040\000A\000r\000d\000u\000i\000n\000o}{section.4}% 14
\BOOKMARK [2][-]{subsection.4.2}{\376\377\0004\000.\0002\000\040\000C\000\363\000d\000i\000g\000o\000\040\000P\000y\000t\000h\000o\000n}{section.4}% 15
\BOOKMARK [1][-]{section.5}{\376\377\0005\000\040\000E\000n\000s\000a\000y\000o\000s\000\040\000y\000\040\000R\000e\000s\000u\000l\000t\000a\000d\000o\000s}{}% 16
\BOOKMARK [2][-]{subsection.5.1}{\376\377\0005\000.\0001\000\040\000E\000n\000s\000a\000y\000o\000s\000\040\000d\000e\000\040\000C\000o\000n\000t\000r\000o\000l\000\040\000d\000e\000\040\000T\000e\000m\000p\000e\000r\000a\000t\000u\000r\000a}{section.5}% 17
\BOOKMARK [3][-]{subsubsection.5.1.1}{\376\377\0005\000.\0001\000.\0001\000\040\000P\000r\000u\000e\000b\000a\000\040\0001\000:\000\040\0001\0000\0000\000\045\000\040\000d\000e\000\040\000p\000o\000t\000e\000n\000c\000i\000a}{subsection.5.1}% 18
\BOOKMARK [3][-]{subsubsection.5.1.2}{\376\377\0005\000.\0001\000.\0002\000\040\000P\000r\000u\000e\000b\000a\000\040\0002\000:\000\040\0008\0000\000\045\000\040\000d\000e\000\040\000p\000o\000t\000e\000n\000c\000i\000a}{subsection.5.1}% 19
\BOOKMARK [3][-]{subsubsection.5.1.3}{\376\377\0005\000.\0001\000.\0003\000\040\000P\000r\000u\000e\000b\000a\000\040\0003\000:\000\040\0006\0000\000\045\000\040\000d\000e\000\040\000p\000o\000t\000e\000n\000c\000i\000a}{subsection.5.1}% 20
\BOOKMARK [3][-]{subsubsection.5.1.4}{\376\377\0005\000.\0001\000.\0004\000\040\000P\000r\000u\000e\000b\000a\000\040\0004\000:\000\040\0004\0000\000\045\000\040\000d\000e\000\040\000p\000o\000t\000e\000n\000c\000i\000a}{subsection.5.1}% 21
\BOOKMARK [3][-]{subsubsection.5.1.5}{\376\377\0005\000.\0001\000.\0005\000\040\000P\000r\000u\000e\000b\000a\000\040\0005\000:\000\040\0002\0000\000\045\000\040\000d\000e\000\040\000p\000o\000t\000e\000n\000c\000i\000a}{subsection.5.1}% 22
\BOOKMARK [2][-]{subsection.5.2}{\376\377\0005\000.\0002\000\040\000R\000e\000s\000u\000l\000t\000a\000d\000o\000s\000\040\000d\000e\000\040\000R\000e\000s\000p\000u\000e\000s\000t\000a\000\040\000E\000s\000c\000a\000l\000\363\000n\000\040\000d\000e\000\040\000T\000e\000m\000p\000e\000r\000a\000t\000u\000r\000a}{section.5}% 23
\BOOKMARK [3][-]{subsubsection.5.2.1}{\376\377\0005\000.\0002\000.\0001\000\040\000C\000\341\000l\000c\000u\000l\000o\000\040\000d\000e\000\040\000l\000a\000\040\000P\000o\000t\000e\000n\000c\000i\000a\000\040\000d\000e\000\040\000R\000a\000d\000i\000a\000c\000i\000\363\000n}{subsection.5.2}% 24
\BOOKMARK [3][-]{subsubsection.5.2.2}{\376\377\0005\000.\0002\000.\0002\000\040\000A\000n\000a\000l\000i\000s\000i\000s\000\040\000P\000r\000u\000e\000b\000a\000\040\0001\000:\000\040\0001\0000\0000\000\045\000\040\000d\000e\000\040\000p\000o\000t\000e\000n\000c\000i\000a}{subsection.5.2}% 25
\BOOKMARK [3][-]{subsubsection.5.2.3}{\376\377\0005\000.\0002\000.\0003\000\040\000A\000n\000a\000l\000i\000s\000i\000s\000\040\000P\000r\000u\000e\000b\000a\000\040\0002\000:\000\040\0008\0000\000\045\000\040\000d\000e\000\040\000p\000o\000t\000e\000n\000c\000i\000a}{subsection.5.2}% 26
\BOOKMARK [3][-]{subsubsection.5.2.4}{\376\377\0005\000.\0002\000.\0004\000\040\000A\000n\000a\000l\000i\000s\000i\000s\000\040\000P\000r\000u\000e\000b\000a\000\040\0003\000:\000\040\0006\0000\000\045\000\040\000d\000e\000\040\000p\000o\000t\000e\000n\000c\000i\000a}{subsection.5.2}% 27
\BOOKMARK [3][-]{subsubsection.5.2.5}{\376\377\0005\000.\0002\000.\0005\000\040\000A\000n\000a\000l\000i\000s\000i\000s\000\040\000P\000r\000u\000e\000b\000a\000\040\0004\000:\000\040\0004\0000\000\045\000\040\000d\000e\000\040\000p\000o\000t\000e\000n\000c\000i\000a}{subsection.5.2}% 28
\BOOKMARK [3][-]{subsubsection.5.2.6}{\376\377\0005\000.\0002\000.\0006\000\040\000A\000n\000a\000l\000i\000s\000i\000s\000\040\000P\000r\000u\000e\000b\000a\000\040\0005\000:\000\040\0002\0000\000\045\000\040\000d\000e\000\040\000p\000o\000t\000e\000n\000c\000i\000a}{subsection.5.2}% 29
\BOOKMARK [3][-]{subsubsection.5.2.7}{\376\377\0005\000.\0002\000.\0007\000\040\000R\000e\000s\000u\000l\000t\000a\000d\000o\000s\000\040\000F\000i\000n\000a\000l\000e\000s}{subsection.5.2}% 30
\BOOKMARK [2][-]{subsection.5.3}{\376\377\0005\000.\0003\000\040\000E\000n\000s\000a\000y\000o\000s\000\040\000d\000e\000\040\000C\000o\000n\000t\000r\000o\000l\000\040\000d\000e\000\040\000V\000e\000l\000o\000c\000i\000d\000a\000d\000\040\000d\000e\000l\000\040\000V\000e\000n\000t\000i\000l\000a\000d\000o\000r}{section.5}% 31
\BOOKMARK [3][-]{subsubsection.5.3.1}{\376\377\0005\000.\0003\000.\0001\000\040\000P\000r\000u\000e\000b\000a\000\040\0001\000:\000\040\0001\0000\0000\000\045\000\040\000d\000e\000\040\000P\000o\000t\000e\000n\000c\000i\000a\000,\000\040\000V\000e\000n\000t\000i\000l\000a\000d\000o\000r\000\040\000a\000\040\0001\0002\000v\000,\000\040\0009\000,\0005\000v\000\040\000y\000\040\0007\000v}{subsection.5.3}% 32
\BOOKMARK [3][-]{subsubsection.5.3.2}{\376\377\0005\000.\0003\000.\0002\000\040\000P\000r\000u\000e\000b\000a\000\040\0002\000:\000\040\0008\0000\000\045\000\040\000d\000e\000\040\000P\000o\000t\000e\000n\000c\000i\000a\000,\000\040\000V\000e\000n\000t\000i\000l\000a\000d\000o\000r\000\040\000a\000\040\0001\0002\000v\000,\000\040\0009\000,\0005\000v\000\040\000y\000\040\0007\000v}{subsection.5.3}% 33
\BOOKMARK [3][-]{subsubsection.5.3.3}{\376\377\0005\000.\0003\000.\0003\000\040\000P\000r\000u\000e\000b\000a\000\040\0003\000:\000\040\0006\0000\000\045\000\040\000d\000e\000\040\000P\000o\000t\000e\000n\000c\000i\000a\000,\000\040\000V\000e\000n\000t\000i\000l\000a\000d\000o\000r\000\040\000a\000\040\0001\0002\000v\000,\000\040\0009\000,\0005\000v\000\040\000y\000\040\0007\000v}{subsection.5.3}% 34
\BOOKMARK [3][-]{subsubsection.5.3.4}{\376\377\0005\000.\0003\000.\0004\000\040\000P\000r\000u\000e\000b\000a\000\040\0004\000:\000\040\0004\0000\000\045\000\040\000d\000e\000\040\000P\000o\000t\000e\000n\000c\000i\000a\000,\000\040\000V\000e\000n\000t\000i\000l\000a\000d\000o\000r\000\040\000a\000\040\0001\0002\000v\000,\000\040\0009\000,\0005\000v\000\040\000y\000\040\0007\000v}{subsection.5.3}% 35
\BOOKMARK [3][-]{subsubsection.5.3.5}{\376\377\0005\000.\0003\000.\0005\000\040\000P\000r\000u\000e\000b\000a\000\040\0005\000:\000\040\0002\0000\000\045\000\040\000d\000e\000\040\000P\000o\000t\000e\000n\000c\000i\000a\000,\000\040\000V\000e\000n\000t\000i\000l\000a\000d\000o\000r\000\040\000a\000\040\0001\0002\000v\000,\000\040\0009\000,\0005\000v\000\040\000y\000\040\0007\000v}{subsection.5.3}% 36
\BOOKMARK [2][-]{subsection.5.4}{\376\377\0005\000.\0004\000\040\000R\000e\000s\000u\000l\000t\000a\000d\000o\000s\000\040\000d\000e\000\040\000R\000e\000s\000p\000u\000e\000s\000t\000a\000\040\000E\000s\000c\000a\000l\000\363\000n\000\040\000d\000e\000\040\000V\000e\000l\000o\000c\000i\000d\000a\000d\000\040\000d\000e\000l\000\040\000V\000e\000n\000t\000i\000l\000a\000d\000o\000r}{section.5}% 37
\BOOKMARK [3][-]{subsubsection.5.4.1}{\376\377\0005\000.\0004\000.\0001\000\040\000A\000n\000a\000l\000i\000s\000i\000s\000\040\000P\000r\000u\000e\000b\000a\000\040\0001\000:\000\040\0001\0000\0000\000\045\000\040\000d\000e\000\040\000P\000o\000t\000e\000n\000c\000i\000a\000,\000\040\000V\000e\000n\000t\000i\000l\000a\000d\000o\000r\000\040\000a\000\040\0001\0002\000v\000,\000\040\0009\000,\0005\000v\000\040\000y\000\040\0007\000v}{subsection.5.4}% 38
\BOOKMARK [3][-]{subsubsection.5.4.2}{\376\377\0005\000.\0004\000.\0002\000\040\000A\000n\000a\000l\000i\000s\000i\000s\000\040\000P\000r\000u\000e\000b\000a\000\040\0002\000:\000\040\0008\0000\000\045\000\040\000d\000e\000\040\000P\000o\000t\000e\000n\000c\000i\000a\000,\000\040\000V\000e\000n\000t\000i\000l\000a\000d\000o\000r\000\040\000a\000\040\0001\0002\000v\000,\000\040\0009\000,\0005\000v\000\040\000y\000\040\0007\000v}{subsection.5.4}% 39
\BOOKMARK [3][-]{subsubsection.5.4.3}{\376\377\0005\000.\0004\000.\0003\000\040\000A\000n\000a\000l\000i\000s\000i\000s\000\040\000P\000r\000u\000e\000b\000a\000\040\0003\000:\000\040\0006\0000\000\045\000\040\000d\000e\000\040\000P\000o\000t\000e\000n\000c\000i\000a\000,\000\040\000V\000e\000n\000t\000i\000l\000a\000d\000o\000r\000\040\000a\000\040\0001\0002\000v\000,\000\040\0009\000,\0005\000v\000\040\000y\000\040\0007\000v}{subsection.5.4}% 40
\BOOKMARK [3][-]{subsubsection.5.4.4}{\376\377\0005\000.\0004\000.\0004\000\040\000A\000n\000a\000l\000i\000s\000i\000s\000\040\000P\000r\000u\000e\000b\000a\000\040\0004\000:\000\040\0004\0000\000\045\000\040\000d\000e\000\040\000P\000o\000t\000e\000n\000c\000i\000a\000,\000\040\000V\000e\000n\000t\000i\000l\000a\000d\000o\000r\000\040\000a\000\040\0001\0002\000v\000,\000\040\0009\000,\0005\000v\000\040\000y\000\040\0007\000v}{subsection.5.4}% 41
\BOOKMARK [3][-]{subsubsection.5.4.5}{\376\377\0005\000.\0004\000.\0005\000\040\000A\000n\000a\000l\000i\000s\000i\000s\000\040\000P\000r\000u\000e\000b\000a\000\040\0005\000:\000\040\0002\0000\000\045\000\040\000d\000e\000\040\000P\000o\000t\000e\000n\000c\000i\000a\000,\000\040\000V\000e\000n\000t\000i\000l\000a\000d\000o\000r\000\040\000a\000\040\0001\0002\000v\000,\000\040\0009\000,\0005\000v\000\040\000y\000\040\0007\000v}{subsection.5.4}% 42
\BOOKMARK [3][-]{subsubsection.5.4.6}{\376\377\0005\000.\0004\000.\0006\000\040\000R\000e\000s\000u\000l\000t\000a\000d\000o\000s\000\040\000F\000i\000n\000a\000l\000e\000s}{subsection.5.4}% 43
\BOOKMARK [1][-]{section.6}{\376\377\0006\000\040\000M\000o\000d\000e\000l\000o\000\040\000M\000a\000t\000e\000m\000\341\000t\000i\000c\000o\000\040\000d\000e\000\040\000l\000a\000\040\000I\000n\000c\000u\000b\000a\000d\000o\000r\000a\000\040\000d\000e\000\040\000C\000o\000n\000t\000r\000o\000l\000\040\000d\000e\000\040\000T\000e\000m\000p\000e\000r\000a\000t\000u\000r\000a}{}% 44
\BOOKMARK [2][-]{subsection.6.1}{\376\377\0006\000.\0001\000\040\000F\000u\000n\000c\000i\000\363\000n\000\040\000d\000e\000\040\000T\000r\000a\000n\000s\000f\000e\000r\000e\000n\000c\000i\000a}{section.6}% 45
\BOOKMARK [2][-]{subsection.6.2}{\376\377\0006\000.\0002\000\040\000E\000c\000u\000a\000c\000i\000\363\000n\000\040\000D\000i\000f\000e\000r\000e\000n\000c\000i\000a\000l\000\040\000e\000n\000\040\000e\000l\000\040\000D\000o\000m\000i\000n\000i\000o\000\040\000d\000e\000l\000\040\000T\000i\000e\000m\000p\000o}{section.6}% 46
\BOOKMARK [2][-]{subsection.6.3}{\376\377\0006\000.\0003\000\040\000S\000o\000l\000u\000c\000i\000\363\000n\000\040\000e\000n\000\040\000E\000s\000t\000a\000d\000o\000\040\000T\000r\000a\000n\000s\000i\000t\000o\000r\000i\000o\000\040\000y\000\040\000E\000s\000t\000a\000c\000i\000o\000n\000a\000r\000i\000o}{section.6}% 47
\BOOKMARK [2][-]{subsection.6.4}{\376\377\0006\000.\0004\000\040\000D\000i\000a\000g\000r\000a\000m\000a\000\040\000d\000e\000\040\000B\000l\000o\000q\000u\000e\000s}{section.6}% 48
\BOOKMARK [1][-]{section.7}{\376\377\0007\000\040\000T\000e\000m\000p\000e\000r\000a\000t\000u\000r\000a\000s\000\040\000A\000l\000c\000a\000n\000z\000a\000b\000l\000e\000s\000\040\000y\000\040\000T\000i\000e\000m\000p\000o\000\040\000d\000e\000\040\000E\000s\000t\000a\000b\000i\000l\000i\000z\000a\000c\000i\000\363\000n}{}% 49
\BOOKMARK [2][-]{subsection.7.1}{\376\377\0007\000.\0001\000\040\000R\000a\000n\000g\000o\000\040\000d\000e\000\040\000T\000e\000m\000p\000e\000r\000a\000t\000u\000r\000a\000s\000\040\000A\000l\000c\000a\000n\000z\000a\000b\000l\000e}{section.7}% 50
\BOOKMARK [2][-]{subsection.7.2}{\376\377\0007\000.\0002\000\040\000T\000i\000e\000m\000p\000o\000\040\000d\000e\000\040\000R\000e\000s\000p\000u\000e\000s\000t\000a\000\040\000d\000e\000l\000\040\000S\000i\000s\000t\000e\000m\000a}{section.7}% 51
\BOOKMARK [2][-]{subsection.7.3}{\376\377\0007\000.\0003\000\040\000R\000e\000s\000u\000m\000e\000n\000\040\000d\000e\000l\000\040\000C\000o\000n\000t\000r\000o\000l\000\040\000d\000e\000\040\000T\000e\000m\000p\000e\000r\000a\000t\000u\000r\000a}{section.7}% 52
\BOOKMARK [2][-]{subsection.7.4}{\376\377\0007\000.\0004\000\040\000S\000i\000m\000u\000l\000a\000c\000i\000\363\000n\000\040\000e\000n\000\040\000P\000y\000t\000h\000o\000n}{section.7}% 53
\BOOKMARK [2][-]{subsection.7.5}{\376\377\0007\000.\0005\000\040\000E\000x\000p\000l\000i\000c\000a\000c\000i\000\363\000n\000\040\000d\000e\000l\000\040\000C\000\363\000d\000i\000g\000o}{section.7}% 54
\BOOKMARK [1][-]{section.8}{\376\377\0008\000\040\000A\000l\000g\000o\000r\000i\000t\000m\000o\000\040\000d\000e\000\040\000C\000o\000n\000t\000r\000o\000l\000\040\000P\000I\000D\000\040\000e\000n\000\040\000A\000r\000d\000u\000i\000n\000o}{}% 55
\BOOKMARK [2][-]{subsection.8.1}{\376\377\0008\000.\0001\000\040\000C\000\341\000l\000c\000u\000l\000o\000\040\000d\000e\000\040\000l\000o\000s\000\040\000P\000a\000r\000\341\000m\000e\000t\000r\000o\000s\000\040\000d\000e\000l\000\040\000P\000I\000D}{section.8}% 56
\BOOKMARK [2][-]{subsection.8.2}{\376\377\0008\000.\0002\000\040\000I\000m\000p\000l\000e\000m\000e\000n\000t\000a\000c\000i\000\363\000n\000\040\000e\000n\000\040\000A\000r\000d\000u\000i\000n\000o}{section.8}% 57
\BOOKMARK [1][-]{section.9}{\376\377\0009\000\040\000R\000e\000s\000u\000l\000t\000a\000d\000o\000s\000\040\000C\000o\000n\000t\000r\000o\000l\000\040\000d\000e\000\040\000T\000e\000m\000p\000e\000r\000a\000t\000u\000r\000a\000\040\000c\000o\000n\000\040\000P\000I\000D}{}% 58
\BOOKMARK [1][-]{section.10}{\376\377\0001\0000\000\040\000A\000c\000t\000i\000v\000i\000d\000a\000d\000e\000s\000\040\000y\000\040\000C\000r\000o\000n\000o\000g\000r\000a\000m\000a}{}% 59
\BOOKMARK [1][-]{section.11}{\376\377\0001\0001\000\040\000C\000o\000n\000c\000l\000u\000s\000i\000o\000n}{}% 60
